Array
(
    [patient_id] => 5
    [doctor_id] => 29
    [service_id] => 1
    [date] => 2024-10-02
    [time] => 09:00
)
Array
(
    [patient_id] => 5
    [doctor_id] => 29
    [service_id] => 1
    [date] => 2024-10-02
    [time] => 09:00
)
Array
(
    [patient_id] => 5
    [doctor_id] => 29
    [service_id] => 1
    [date] => 2024-10-02
    [time] => 09:00
)
Array
(
    [patient_id] => 5
    [doctor_id] => 29
    [service_id] => 1
    [date] => 2024-10-02
    [time] => 09:00
)
Array
(
    [patient_id] => 5
    [doctor_id] => 29
    [service_id] => 1
    [date] => 2024-10-02
    [time] => 09:00
)
Array
(
    [patient_id] => 5
    [doctor_id] => 29
    [service_id] => 1
    [date] => 2024-10-02
    [time] => 09:00
)
Array
(
    [patient_id] => 5
    [doctor_id] => 29
    [service_id] => 1
    [date] => 2024-10-02
    [time] => 09:00
)
Array
(
    [patient_id] => 5
    [doctor_id] => 29
    [service_id] => 1
    [date] => 2024-10-02
    [time] => 09:00
)
Array
(
    [patient_id] => 5
    [doctor_id] => 29
    [service_id] => 1
    [date] => 2024-10-02
    [time] => 09:00
)
Array
(
    [patient_id] => 5
    [doctor_id] => 29
    [service_id] => 1
    [date] => 2024-10-02
    [time] => 09:00
)
Array
(
    [patient_id] => 5
    [doctor_id] => 29
    [service_id] => 1
    [date] => 2024-10-02
    [time] => 09:00
)
Array
(
    [patient_id] => 5
    [doctor_id] => 29
    [service_id] => 1
    [date] => 2024-10-02
    [time] => 09:00
)
Array
(
    [patient_id] => 5
    [doctor_id] => 29
    [service_id] => 1
    [date] => 2024-10-02
    [time] => 09:00
)
Array
(
    [patient_id] => 5
    [doctor_id] => 29
    [service_id] => 1
    [date] => 2024-10-09
    [time] => 09:00
)
