{
  "id": "evt_3Q9pMT08GrFUpp2b0Z5jQJ5j",
  "object": "event",
  "api_version": "2024-06-20",
  "created": 1728916506,
  "data": {
    "object": {
      "id": "tr_3Q9pMT08GrFUpp2b0iwBaQJT",
      "object": "transfer",
      "amount": 13241,
      "amount_reversed": 0,
      "balance_transaction": "txn_3Q9pMT08GrFUpp2b0yv3yofN",
      "created": 1728916506,
      "currency": "hkd",
      "description": null,
      "destination": "acct_1Q2p5h06799Vqeio",
      "destination_payment": "py_1Q9pMU06799Vqeio8GAmZI4h",
      "livemode": false,
      "metadata": {
      },
      "reversals": {
        "object": "list",
        "data": [

        ],
        "has_more": false,
        "total_count": 0,
        "url": "/v1/transfers/tr_3Q9pMT08GrFUpp2b0iwBaQJT/reversals"
      },
      "reversed": false,
      "source_transaction": "ch_3Q9pMT08GrFUpp2b0z8g8FMt",
      "source_type": "card",
      "transfer_group": "group_pi_3Q9pMT08GrFUpp2b0KijZzOJ"
    }
  },
  "livemode": false,
  "pending_webhooks": 2,
  "request": {
    "id": "req_CLiWi4p9kqR0cZ",
    "idempotency_key": "da17128f-6bda-4f78-a44b-d04e6adc0352"
  },
  "type": "transfer.created"
}{
  "id": "evt_3Q9pMT08GrFUpp2b06C3rAco",
  "object": "event",
  "api_version": "2024-06-20",
  "created": 1728916506,
  "data": {
    "object": {
      "id": "ch_3Q9pMT08GrFUpp2b0z8g8FMt",
      "object": "charge",
      "amount": 100000,
      "amount_captured": 100000,
      "amount_refunded": 0,
      "application": null,
      "application_fee": "fee_1Q9pMU06799VqeioHUNF0cFD",
      "application_fee_amount": 10000,
      "balance_transaction": "txn_3Q9pMT08GrFUpp2b0O0RWM1x",
      "billing_details": {
        "address": {
          "city": null,
          "country": "PH",
          "line1": null,
          "line2": null,
          "postal_code": null,
          "state": null
        },
        "email": "test@email.com",
        "name": "test test",
        "phone": null
      },
      "calculated_statement_descriptor": "WELLWEB",
      "captured": true,
      "created": 1728916505,
      "currency": "php",
      "customer": null,
      "description": null,
      "destination": "acct_1Q2p5h06799Vqeio",
      "dispute": null,
      "disputed": false,
      "failure_balance_transaction": null,
      "failure_code": null,
      "failure_message": null,
      "fraud_details": {
      },
      "invoice": null,
      "livemode": false,
      "metadata": {
      },
      "on_behalf_of": null,
      "order": null,
      "outcome": {
        "network_status": "approved_by_network",
        "reason": null,
        "risk_level": "normal",
        "risk_score": 19,
        "seller_message": "Payment complete.",
        "type": "authorized"
      },
      "paid": true,
      "payment_intent": "pi_3Q9pMT08GrFUpp2b0KijZzOJ",
      "payment_method": "pm_1Q9pMQ08GrFUpp2bmStDIFGF",
      "payment_method_details": {
        "card": {
          "amount_authorized": 100000,
          "authorization_code": null,
          "brand": "visa",
          "checks": {
            "address_line1_check": null,
            "address_postal_code_check": null,
            "cvc_check": "pass"
          },
          "country": "US",
          "exp_month": 1,
          "exp_year": 2027,
          "extended_authorization": {
            "status": "disabled"
          },
          "fingerprint": "FuQKI1NYBOoWaR2y",
          "funding": "credit",
          "incremental_authorization": {
            "status": "unavailable"
          },
          "installments": null,
          "last4": "4242",
          "mandate": null,
          "multicapture": {
            "status": "unavailable"
          },
          "network": "visa",
          "network_token": {
            "used": false
          },
          "overcapture": {
            "maximum_amount_capturable": 100000,
            "status": "unavailable"
          },
          "three_d_secure": null,
          "wallet": null
        },
        "type": "card"
      },
      "radar_options": {
      },
      "receipt_email": null,
      "receipt_number": null,
      "receipt_url": "https://pay.stripe.com/receipts/payment/CAcaFwoVYWNjdF8xUTBtV3owOEdyRlVwcDJiKJvYtLgGMgaSm-K19yM6LBbRT8ij6QwWEIMsbM5_oL7UwOqTqdKBG3S_HFhKtWxzs4kYO-R8EvYhXGzr",
      "refunded": false,
      "review": null,
      "shipping": null,
      "source": null,
      "source_transfer": null,
      "statement_descriptor": null,
      "statement_descriptor_suffix": null,
      "status": "succeeded",
      "transfer": "tr_3Q9pMT08GrFUpp2b0iwBaQJT",
      "transfer_data": {
        "amount": null,
        "destination": "acct_1Q2p5h06799Vqeio"
      },
      "transfer_group": "group_pi_3Q9pMT08GrFUpp2b0KijZzOJ"
    }
  },
  "livemode": false,
  "pending_webhooks": 2,
  "request": {
    "id": "req_CLiWi4p9kqR0cZ",
    "idempotency_key": "da17128f-6bda-4f78-a44b-d04e6adc0352"
  },
  "type": "charge.succeeded"
}{
  "id": "evt_1Q9pMV06799VqeioYRPWwL0f",
  "object": "event",
  "account": "acct_1Q2p5h06799Vqeio",
  "api_version": "2024-06-20",
  "created": 1728916506,
  "data": {
    "object": {
      "id": "py_1Q9pMU06799Vqeio8GAmZI4h",
      "object": "charge",
      "amount": 13241,
      "amount_captured": 13241,
      "amount_refunded": 0,
      "application": "ca_QsXc0I9VNCyYODyffmd3xC7PlUuBTaIx",
      "application_fee": "fee_1Q9pMU06799VqeioHUNF0cFD",
      "application_fee_amount": 1324,
      "balance_transaction": "txn_1Q9pMU06799VqeiobJ5QoQnN",
      "billing_details": {
        "address": {
          "city": null,
          "country": null,
          "line1": null,
          "line2": null,
          "postal_code": null,
          "state": null
        },
        "email": null,
        "name": null,
        "phone": null
      },
      "calculated_statement_descriptor": null,
      "captured": true,
      "created": 1728916506,
      "currency": "hkd",
      "customer": null,
      "description": null,
      "destination": null,
      "dispute": null,
      "disputed": false,
      "failure_balance_transaction": null,
      "failure_code": null,
      "failure_message": null,
      "fraud_details": {
      },
      "invoice": null,
      "livemode": false,
      "metadata": {
      },
      "on_behalf_of": null,
      "order": null,
      "outcome": null,
      "paid": true,
      "payment_intent": null,
      "payment_method": null,
      "payment_method_details": {
        "stripe_account": {
        },
        "type": "stripe_account"
      },
      "receipt_email": null,
      "receipt_number": null,
      "receipt_url": "https://pay.stripe.com/receipts/payment/CAcaFwoVYWNjdF8xUTJwNWgwNjc5OVZxZWlvKJvYtLgGMgbf0Pu-a1g6LBbw1A_wvLdinVZJGMwGrrcBE-TezJrnfUZEKxvNX0Yp__yGax_4gfn3TYe8",
      "refunded": false,
      "review": null,
      "shipping": null,
      "source": {
        "id": "acct_1Q0mWz08GrFUpp2b",
        "object": "account",
        "application_icon": "https://files.stripe.com/links/MDB8YWNjdF8xUTBtV3owOEdyRlVwcDJifGZsX3Rlc3RfdG94ekRRVmkyWEVialFydW1SbFpJaW0y00OuK43L9T",
        "application_logo": "https://files.stripe.com/links/MDB8YWNjdF8xUTBtV3owOEdyRlVwcDJifGZsX3Rlc3RfUTg4UUJ1Y29DZjV3bEVjaWZjN3BiUGs100FCe7zXOS",
        "application_name": "WellWeb Solutions "
      },
      "source_transfer": "tr_3Q9pMT08GrFUpp2b0iwBaQJT",
      "statement_descriptor": null,
      "statement_descriptor_suffix": null,
      "status": "succeeded",
      "transfer_data": null,
      "transfer_group": null
    }
  },
  "livemode": false,
  "pending_webhooks": 2,
  "request": {
    "id": "req_CLiWi4p9kqR0cZ",
    "idempotency_key": "da17128f-6bda-4f78-a44b-d04e6adc0352"
  },
  "type": "payment.created"
}{
  "id": "evt_3Q9pMT08GrFUpp2b0xB053n1",
  "object": "event",
  "api_version": "2024-06-20",
  "created": 1728916506,
  "data": {
    "object": {
      "id": "pi_3Q9pMT08GrFUpp2b0KijZzOJ",
      "object": "payment_intent",
      "amount": 100000,
      "amount_capturable": 0,
      "amount_details": {
        "tip": {
        }
      },
      "amount_received": 100000,
      "application": null,
      "application_fee_amount": 10000,
      "automatic_payment_methods": null,
      "canceled_at": null,
      "cancellation_reason": null,
      "capture_method": "automatic",
      "client_secret": "pi_3Q9pMT08GrFUpp2b0KijZzOJ_secret_DxDVCpZyScUgpQaCpX6Qi99wg",
      "confirmation_method": "automatic",
      "created": 1728916505,
      "currency": "php",
      "customer": null,
      "description": null,
      "invoice": null,
      "last_payment_error": null,
      "latest_charge": "ch_3Q9pMT08GrFUpp2b0z8g8FMt",
      "livemode": false,
      "metadata": {
      },
      "next_action": null,
      "on_behalf_of": null,
      "payment_method": "pm_1Q9pMQ08GrFUpp2bmStDIFGF",
      "payment_method_configuration_details": null,
      "payment_method_options": {
        "card": {
          "installments": null,
          "mandate_options": null,
          "network": null,
          "request_three_d_secure": "automatic"
        }
      },
      "payment_method_types": [
        "card"
      ],
      "processing": null,
      "receipt_email": null,
      "review": null,
      "setup_future_usage": null,
      "shipping": null,
      "source": null,
      "statement_descriptor": null,
      "statement_descriptor_suffix": null,
      "status": "succeeded",
      "transfer_data": {
        "destination": "acct_1Q2p5h06799Vqeio"
      },
      "transfer_group": "group_pi_3Q9pMT08GrFUpp2b0KijZzOJ"
    }
  },
  "livemode": false,
  "pending_webhooks": 2,
  "request": {
    "id": "req_CLiWi4p9kqR0cZ",
    "idempotency_key": "da17128f-6bda-4f78-a44b-d04e6adc0352"
  },
  "type": "payment_intent.succeeded"
}{
  "id": "evt_1Q9pMV08GrFUpp2bSVjlLjT0",
  "object": "event",
  "api_version": "2024-06-20",
  "created": 1728916507,
  "data": {
    "object": {
      "id": "cs_test_a1QwArreFn2zVHyDK1GX1tjIXZTZPS3FX69ytmCoOXS1uErXVduHg198R4",
      "object": "checkout.session",
      "after_expiration": null,
      "allow_promotion_codes": null,
      "amount_subtotal": 100000,
      "amount_total": 100000,
      "automatic_tax": {
        "enabled": false,
        "liability": null,
        "status": null
      },
      "billing_address_collection": null,
      "cancel_url": "https://3bd8-49-145-197-64.ngrok-free.app/dashboard.php",
      "client_reference_id": null,
      "client_secret": null,
      "consent": null,
      "consent_collection": null,
      "created": 1728916496,
      "currency": "php",
      "currency_conversion": null,
      "custom_fields": [

      ],
      "custom_text": {
        "after_submit": null,
        "shipping_address": null,
        "submit": null,
        "terms_of_service_acceptance": null
      },
      "customer": null,
      "customer_creation": "if_required",
      "customer_details": {
        "address": {
          "city": null,
          "country": "PH",
          "line1": null,
          "line2": null,
          "postal_code": null,
          "state": null
        },
        "email": "test@email.com",
        "name": "test test",
        "phone": null,
        "tax_exempt": "none",
        "tax_ids": [

        ]
      },
      "customer_email": null,
      "expires_at": 1729002896,
      "invoice": null,
      "invoice_creation": {
        "enabled": false,
        "invoice_data": {
          "account_tax_ids": null,
          "custom_fields": null,
          "description": null,
          "footer": null,
          "issuer": null,
          "metadata": {
          },
          "rendering_options": null
        }
      },
      "livemode": false,
      "locale": null,
      "metadata": {
        "doctor_id": "29",
        "consultation_type": "online",
        "patient_id": "5",
        "service_id": "1",
        "time": "09:00",
        "date": "2024-10-10"
      },
      "mode": "payment",
      "payment_intent": "pi_3Q9pMT08GrFUpp2b0KijZzOJ",
      "payment_link": null,
      "payment_method_collection": "if_required",
      "payment_method_configuration_details": null,
      "payment_method_options": {
        "card": {
          "request_three_d_secure": "automatic"
        }
      },
      "payment_method_types": [
        "card"
      ],
      "payment_status": "paid",
      "phone_number_collection": {
        "enabled": false
      },
      "recovered_from": null,
      "saved_payment_method_options": null,
      "setup_intent": null,
      "shipping_address_collection": null,
      "shipping_cost": null,
      "shipping_details": null,
      "shipping_options": [

      ],
      "status": "complete",
      "submit_type": null,
      "subscription": null,
      "success_url": "http://localhost/dashboard.php?session_id={CHECKOUT_SESSION_ID}",
      "total_details": {
        "amount_discount": 0,
        "amount_shipping": 0,
        "amount_tax": 0
      },
      "ui_mode": "hosted",
      "url": null
    }
  },
  "livemode": false,
  "pending_webhooks": 4,
  "request": {
    "id": null,
    "idempotency_key": null
  },
  "type": "checkout.session.completed"
}{
  "id": "evt_3Q9pMT08GrFUpp2b0nhgmrkL",
  "object": "event",
  "api_version": "2024-06-20",
  "created": 1728916505,
  "data": {
    "object": {
      "id": "pi_3Q9pMT08GrFUpp2b0KijZzOJ",
      "object": "payment_intent",
      "amount": 100000,
      "amount_capturable": 0,
      "amount_details": {
        "tip": {
        }
      },
      "amount_received": 0,
      "application": null,
      "application_fee_amount": 10000,
      "automatic_payment_methods": null,
      "canceled_at": null,
      "cancellation_reason": null,
      "capture_method": "automatic",
      "client_secret": "pi_3Q9pMT08GrFUpp2b0KijZzOJ_secret_DxDVCpZyScUgpQaCpX6Qi99wg",
      "confirmation_method": "automatic",
      "created": 1728916505,
      "currency": "php",
      "customer": null,
      "description": null,
      "invoice": null,
      "last_payment_error": null,
      "latest_charge": null,
      "livemode": false,
      "metadata": {
      },
      "next_action": null,
      "on_behalf_of": null,
      "payment_method": null,
      "payment_method_configuration_details": null,
      "payment_method_options": {
        "card": {
          "installments": null,
          "mandate_options": null,
          "network": null,
          "request_three_d_secure": "automatic"
        }
      },
      "payment_method_types": [
        "card"
      ],
      "processing": null,
      "receipt_email": null,
      "review": null,
      "setup_future_usage": null,
      "shipping": null,
      "source": null,
      "statement_descriptor": null,
      "statement_descriptor_suffix": null,
      "status": "requires_payment_method",
      "transfer_data": {
        "destination": "acct_1Q2p5h06799Vqeio"
      },
      "transfer_group": null
    }
  },
  "livemode": false,
  "pending_webhooks": 2,
  "request": {
    "id": "req_CLiWi4p9kqR0cZ",
    "idempotency_key": "da17128f-6bda-4f78-a44b-d04e6adc0352"
  },
  "type": "payment_intent.created"
}{
  "id": "evt_1Q9pMX08GrFUpp2b5O31vwcV",
  "object": "event",
  "api_version": "2024-06-20",
  "created": 1728916509,
  "data": {
    "object": {
      "id": "fee_1Q9pMU06799VqeioHUNF0cFD",
      "object": "application_fee",
      "account": "acct_1Q2p5h06799Vqeio",
      "amount": 10000,
      "amount_refunded": 0,
      "application": "ca_QsXc0I9VNCyYODyffmd3xC7PlUuBTaIx",
      "balance_transaction": "txn_1Q9pMW08GrFUpp2bJoIRDsKM",
      "charge": "py_1Q9pMU06799Vqeio8GAmZI4h",
      "created": 1728916506,
      "currency": "php",
      "fee_source": {
        "charge": "py_1Q9pMU06799Vqeio8GAmZI4h",
        "type": "charge"
      },
      "livemode": false,
      "originating_transaction": "ch_3Q9pMT08GrFUpp2b0z8g8FMt",
      "refunded": false,
      "refunds": {
        "object": "list",
        "data": [

        ],
        "has_more": false,
        "total_count": 0,
        "url": "/v1/application_fees/fee_1Q9pMU06799VqeioHUNF0cFD/refunds"
      }
    },
    "previous_attributes": {
    }
  },
  "livemode": false,
  "pending_webhooks": 2,
  "request": {
    "id": null,
    "idempotency_key": null
  },
  "type": "application_fee.created"
}{
  "id": "evt_3Q9pVZ08GrFUpp2b0AtCFUI0",
  "object": "event",
  "api_version": "2024-06-20",
  "created": 1728917070,
  "data": {
    "object": {
      "id": "tr_3Q9pVZ08GrFUpp2b0hTq2Wa1",
      "object": "transfer",
      "amount": 13241,
      "amount_reversed": 0,
      "balance_transaction": "txn_3Q9pVZ08GrFUpp2b0j7XcFCG",
      "created": 1728917070,
      "currency": "hkd",
      "description": null,
      "destination": "acct_1Q2p5h06799Vqeio",
      "destination_payment": "py_1Q9pVa06799Vqeio8y871B0m",
      "livemode": false,
      "metadata": {
      },
      "reversals": {
        "object": "list",
        "data": [

        ],
        "has_more": false,
        "total_count": 0,
        "url": "/v1/transfers/tr_3Q9pVZ08GrFUpp2b0hTq2Wa1/reversals"
      },
      "reversed": false,
      "source_transaction": "ch_3Q9pVZ08GrFUpp2b0HEhIx3q",
      "source_type": "card",
      "transfer_group": "group_pi_3Q9pVZ08GrFUpp2b0htqxjF7"
    }
  },
  "livemode": false,
  "pending_webhooks": 2,
  "request": {
    "id": "req_tBVCf9Sw5UQF0v",
    "idempotency_key": "8fc7b7c8-6555-4664-bba8-fabd615fb202"
  },
  "type": "transfer.created"
}{
  "id": "evt_3Q9pVZ08GrFUpp2b0MjhcHq3",
  "object": "event",
  "api_version": "2024-06-20",
  "created": 1728917070,
  "data": {
    "object": {
      "id": "ch_3Q9pVZ08GrFUpp2b0HEhIx3q",
      "object": "charge",
      "amount": 100000,
      "amount_captured": 100000,
      "amount_refunded": 0,
      "application": null,
      "application_fee": "fee_1Q9pVa06799VqeiopSeeCcAd",
      "application_fee_amount": 10000,
      "balance_transaction": "txn_3Q9pVZ08GrFUpp2b0i7NKjUV",
      "billing_details": {
        "address": {
          "city": null,
          "country": "PH",
          "line1": null,
          "line2": null,
          "postal_code": null,
          "state": null
        },
        "email": "test@email.com",
        "name": "test test",
        "phone": null
      },
      "calculated_statement_descriptor": "WELLWEB",
      "captured": true,
      "created": 1728917069,
      "currency": "php",
      "customer": null,
      "description": null,
      "destination": "acct_1Q2p5h06799Vqeio",
      "dispute": null,
      "disputed": false,
      "failure_balance_transaction": null,
      "failure_code": null,
      "failure_message": null,
      "fraud_details": {
      },
      "invoice": null,
      "livemode": false,
      "metadata": {
      },
      "on_behalf_of": null,
      "order": null,
      "outcome": {
        "network_status": "approved_by_network",
        "reason": null,
        "risk_level": "normal",
        "risk_score": 58,
        "seller_message": "Payment complete.",
        "type": "authorized"
      },
      "paid": true,
      "payment_intent": "pi_3Q9pVZ08GrFUpp2b0htqxjF7",
      "payment_method": "pm_1Q9pVX08GrFUpp2bXFhQcrJ9",
      "payment_method_details": {
        "card": {
          "amount_authorized": 100000,
          "authorization_code": null,
          "brand": "visa",
          "checks": {
            "address_line1_check": null,
            "address_postal_code_check": null,
            "cvc_check": "pass"
          },
          "country": "US",
          "exp_month": 1,
          "exp_year": 2027,
          "extended_authorization": {
            "status": "disabled"
          },
          "fingerprint": "FuQKI1NYBOoWaR2y",
          "funding": "credit",
          "incremental_authorization": {
            "status": "unavailable"
          },
          "installments": null,
          "last4": "4242",
          "mandate": null,
          "multicapture": {
            "status": "unavailable"
          },
          "network": "visa",
          "network_token": {
            "used": false
          },
          "overcapture": {
            "maximum_amount_capturable": 100000,
            "status": "unavailable"
          },
          "three_d_secure": null,
          "wallet": null
        },
        "type": "card"
      },
      "radar_options": {
      },
      "receipt_email": null,
      "receipt_number": null,
      "receipt_url": "https://pay.stripe.com/receipts/payment/CAcaFwoVYWNjdF8xUTBtV3owOEdyRlVwcDJiKM_ctLgGMgbt6N0_cEw6LBYvc9a4gf2vQtgTmpGzEwBDK71u22T-5_4jpmc0S6gEZBX5H-mMKCFVzs_-",
      "refunded": false,
      "review": null,
      "shipping": null,
      "source": null,
      "source_transfer": null,
      "statement_descriptor": null,
      "statement_descriptor_suffix": null,
      "status": "succeeded",
      "transfer": "tr_3Q9pVZ08GrFUpp2b0hTq2Wa1",
      "transfer_data": {
        "amount": null,
        "destination": "acct_1Q2p5h06799Vqeio"
      },
      "transfer_group": "group_pi_3Q9pVZ08GrFUpp2b0htqxjF7"
    }
  },
  "livemode": false,
  "pending_webhooks": 2,
  "request": {
    "id": "req_tBVCf9Sw5UQF0v",
    "idempotency_key": "8fc7b7c8-6555-4664-bba8-fabd615fb202"
  },
  "type": "charge.succeeded"
}{
  "id": "evt_1Q9pVb06799VqeioLlC9dh40",
  "object": "event",
  "account": "acct_1Q2p5h06799Vqeio",
  "api_version": "2024-06-20",
  "created": 1728917070,
  "data": {
    "object": {
      "id": "py_1Q9pVa06799Vqeio8y871B0m",
      "object": "charge",
      "amount": 13241,
      "amount_captured": 13241,
      "amount_refunded": 0,
      "application": "ca_QsXc0I9VNCyYODyffmd3xC7PlUuBTaIx",
      "application_fee": "fee_1Q9pVa06799VqeiopSeeCcAd",
      "application_fee_amount": 1324,
      "balance_transaction": "txn_1Q9pVa06799Vqeiojnm8bjq1",
      "billing_details": {
        "address": {
          "city": null,
          "country": null,
          "line1": null,
          "line2": null,
          "postal_code": null,
          "state": null
        },
        "email": null,
        "name": null,
        "phone": null
      },
      "calculated_statement_descriptor": null,
      "captured": true,
      "created": 1728917070,
      "currency": "hkd",
      "customer": null,
      "description": null,
      "destination": null,
      "dispute": null,
      "disputed": false,
      "failure_balance_transaction": null,
      "failure_code": null,
      "failure_message": null,
      "fraud_details": {
      },
      "invoice": null,
      "livemode": false,
      "metadata": {
      },
      "on_behalf_of": null,
      "order": null,
      "outcome": null,
      "paid": true,
      "payment_intent": null,
      "payment_method": null,
      "payment_method_details": {
        "stripe_account": {
        },
        "type": "stripe_account"
      },
      "receipt_email": null,
      "receipt_number": null,
      "receipt_url": "https://pay.stripe.com/receipts/payment/CAcaFwoVYWNjdF8xUTJwNWgwNjc5OVZxZWlvKM_ctLgGMgbWxUEpfFc6LBac7nvekuITxO_DVWQwWWB_NZ6Th3FiF3BlIej8D1hWxSRxXqcCheZ8AGGi",
      "refunded": false,
      "review": null,
      "shipping": null,
      "source": {
        "id": "acct_1Q0mWz08GrFUpp2b",
        "object": "account",
        "application_icon": "https://files.stripe.com/links/MDB8YWNjdF8xUTBtV3owOEdyRlVwcDJifGZsX3Rlc3RfdG94ekRRVmkyWEVialFydW1SbFpJaW0y00OuK43L9T",
        "application_logo": "https://files.stripe.com/links/MDB8YWNjdF8xUTBtV3owOEdyRlVwcDJifGZsX3Rlc3RfUTg4UUJ1Y29DZjV3bEVjaWZjN3BiUGs100FCe7zXOS",
        "application_name": "WellWeb Solutions "
      },
      "source_transfer": "tr_3Q9pVZ08GrFUpp2b0hTq2Wa1",
      "statement_descriptor": null,
      "statement_descriptor_suffix": null,
      "status": "succeeded",
      "transfer_data": null,
      "transfer_group": null
    }
  },
  "livemode": false,
  "pending_webhooks": 2,
  "request": {
    "id": "req_tBVCf9Sw5UQF0v",
    "idempotency_key": "8fc7b7c8-6555-4664-bba8-fabd615fb202"
  },
  "type": "payment.created"
}{
  "id": "evt_1Q9pVb08GrFUpp2brX8pNGak",
  "object": "event",
  "api_version": "2024-06-20",
  "created": 1728917071,
  "data": {
    "object": {
      "id": "cs_test_a1eWTAC7boaP51eOzFz1rzZ6X3ay62MGKw2ulfaDGXlIwXpmf8hQG6Coem",
      "object": "checkout.session",
      "after_expiration": null,
      "allow_promotion_codes": null,
      "amount_subtotal": 100000,
      "amount_total": 100000,
      "automatic_tax": {
        "enabled": false,
        "liability": null,
        "status": null
      },
      "billing_address_collection": null,
      "cancel_url": "https://3bd8-49-145-197-64.ngrok-free.app/dashboard.php",
      "client_reference_id": null,
      "client_secret": null,
      "consent": null,
      "consent_collection": null,
      "created": 1728917062,
      "currency": "php",
      "currency_conversion": null,
      "custom_fields": [

      ],
      "custom_text": {
        "after_submit": null,
        "shipping_address": null,
        "submit": null,
        "terms_of_service_acceptance": null
      },
      "customer": null,
      "customer_creation": "if_required",
      "customer_details": {
        "address": {
          "city": null,
          "country": "PH",
          "line1": null,
          "line2": null,
          "postal_code": null,
          "state": null
        },
        "email": "test@email.com",
        "name": "test test",
        "phone": null,
        "tax_exempt": "none",
        "tax_ids": [

        ]
      },
      "customer_email": null,
      "expires_at": 1729003462,
      "invoice": null,
      "invoice_creation": {
        "enabled": false,
        "invoice_data": {
          "account_tax_ids": null,
          "custom_fields": null,
          "description": null,
          "footer": null,
          "issuer": null,
          "metadata": {
          },
          "rendering_options": null
        }
      },
      "livemode": false,
      "locale": null,
      "metadata": {
        "doctor_id": "29",
        "consultation_type": "online",
        "patient_id": "5",
        "service_id": "1",
        "time": "09:00",
        "date": "2024-10-10"
      },
      "mode": "payment",
      "payment_intent": "pi_3Q9pVZ08GrFUpp2b0htqxjF7",
      "payment_link": null,
      "payment_method_collection": "if_required",
      "payment_method_configuration_details": null,
      "payment_method_options": {
        "card": {
          "request_three_d_secure": "automatic"
        }
      },
      "payment_method_types": [
        "card"
      ],
      "payment_status": "paid",
      "phone_number_collection": {
        "enabled": false
      },
      "recovered_from": null,
      "saved_payment_method_options": null,
      "setup_intent": null,
      "shipping_address_collection": null,
      "shipping_cost": null,
      "shipping_details": null,
      "shipping_options": [

      ],
      "status": "complete",
      "submit_type": null,
      "subscription": null,
      "success_url": "http://localhost/dashboard.php?session_id={CHECKOUT_SESSION_ID}",
      "total_details": {
        "amount_discount": 0,
        "amount_shipping": 0,
        "amount_tax": 0
      },
      "ui_mode": "hosted",
      "url": null
    }
  },
  "livemode": false,
  "pending_webhooks": 4,
  "request": {
    "id": null,
    "idempotency_key": null
  },
  "type": "checkout.session.completed"
}{
  "id": "evt_3Q9pVZ08GrFUpp2b0534wkYF",
  "object": "event",
  "api_version": "2024-06-20",
  "created": 1728917069,
  "data": {
    "object": {
      "id": "pi_3Q9pVZ08GrFUpp2b0htqxjF7",
      "object": "payment_intent",
      "amount": 100000,
      "amount_capturable": 0,
      "amount_details": {
        "tip": {
        }
      },
      "amount_received": 0,
      "application": null,
      "application_fee_amount": 10000,
      "automatic_payment_methods": null,
      "canceled_at": null,
      "cancellation_reason": null,
      "capture_method": "automatic",
      "client_secret": "pi_3Q9pVZ08GrFUpp2b0htqxjF7_secret_SQ1YH3ae4fYC5QYTZ1cCpXJZQ",
      "confirmation_method": "automatic",
      "created": 1728917069,
      "currency": "php",
      "customer": null,
      "description": null,
      "invoice": null,
      "last_payment_error": null,
      "latest_charge": null,
      "livemode": false,
      "metadata": {
      },
      "next_action": null,
      "on_behalf_of": null,
      "payment_method": null,
      "payment_method_configuration_details": null,
      "payment_method_options": {
        "card": {
          "installments": null,
          "mandate_options": null,
          "network": null,
          "request_three_d_secure": "automatic"
        }
      },
      "payment_method_types": [
        "card"
      ],
      "processing": null,
      "receipt_email": null,
      "review": null,
      "setup_future_usage": null,
      "shipping": null,
      "source": null,
      "statement_descriptor": null,
      "statement_descriptor_suffix": null,
      "status": "requires_payment_method",
      "transfer_data": {
        "destination": "acct_1Q2p5h06799Vqeio"
      },
      "transfer_group": null
    }
  },
  "livemode": false,
  "pending_webhooks": 2,
  "request": {
    "id": "req_tBVCf9Sw5UQF0v",
    "idempotency_key": "8fc7b7c8-6555-4664-bba8-fabd615fb202"
  },
  "type": "payment_intent.created"
}{
  "id": "evt_3Q9pVZ08GrFUpp2b0vKJMrQQ",
  "object": "event",
  "api_version": "2024-06-20",
  "created": 1728917071,
  "data": {
    "object": {
      "id": "pi_3Q9pVZ08GrFUpp2b0htqxjF7",
      "object": "payment_intent",
      "amount": 100000,
      "amount_capturable": 0,
      "amount_details": {
        "tip": {
        }
      },
      "amount_received": 100000,
      "application": null,
      "application_fee_amount": 10000,
      "automatic_payment_methods": null,
      "canceled_at": null,
      "cancellation_reason": null,
      "capture_method": "automatic",
      "client_secret": "pi_3Q9pVZ08GrFUpp2b0htqxjF7_secret_SQ1YH3ae4fYC5QYTZ1cCpXJZQ",
      "confirmation_method": "automatic",
      "created": 1728917069,
      "currency": "php",
      "customer": null,
      "description": null,
      "invoice": null,
      "last_payment_error": null,
      "latest_charge": "ch_3Q9pVZ08GrFUpp2b0HEhIx3q",
      "livemode": false,
      "metadata": {
      },
      "next_action": null,
      "on_behalf_of": null,
      "payment_method": "pm_1Q9pVX08GrFUpp2bXFhQcrJ9",
      "payment_method_configuration_details": null,
      "payment_method_options": {
        "card": {
          "installments": null,
          "mandate_options": null,
          "network": null,
          "request_three_d_secure": "automatic"
        }
      },
      "payment_method_types": [
        "card"
      ],
      "processing": null,
      "receipt_email": null,
      "review": null,
      "setup_future_usage": null,
      "shipping": null,
      "source": null,
      "statement_descriptor": null,
      "statement_descriptor_suffix": null,
      "status": "succeeded",
      "transfer_data": {
        "destination": "acct_1Q2p5h06799Vqeio"
      },
      "transfer_group": "group_pi_3Q9pVZ08GrFUpp2b0htqxjF7"
    }
  },
  "livemode": false,
  "pending_webhooks": 2,
  "request": {
    "id": "req_tBVCf9Sw5UQF0v",
    "idempotency_key": "8fc7b7c8-6555-4664-bba8-fabd615fb202"
  },
  "type": "payment_intent.succeeded"
}{
  "id": "evt_1Q9pVd08GrFUpp2bR5wRxUgw",
  "object": "event",
  "api_version": "2024-06-20",
  "created": 1728917073,
  "data": {
    "object": {
      "id": "fee_1Q9pVa06799VqeiopSeeCcAd",
      "object": "application_fee",
      "account": "acct_1Q2p5h06799Vqeio",
      "amount": 10000,
      "amount_refunded": 0,
      "application": "ca_QsXc0I9VNCyYODyffmd3xC7PlUuBTaIx",
      "balance_transaction": "txn_1Q9pVd08GrFUpp2bmZQ0DYav",
      "charge": "py_1Q9pVa06799Vqeio8y871B0m",
      "created": 1728917070,
      "currency": "php",
      "fee_source": {
        "charge": "py_1Q9pVa06799Vqeio8y871B0m",
        "type": "charge"
      },
      "livemode": false,
      "originating_transaction": "ch_3Q9pVZ08GrFUpp2b0HEhIx3q",
      "refunded": false,
      "refunds": {
        "object": "list",
        "data": [

        ],
        "has_more": false,
        "total_count": 0,
        "url": "/v1/application_fees/fee_1Q9pVa06799VqeiopSeeCcAd/refunds"
      }
    },
    "previous_attributes": {
    }
  },
  "livemode": false,
  "pending_webhooks": 2,
  "request": {
    "id": null,
    "idempotency_key": null
  },
  "type": "application_fee.created"
}